<?xml version="1.0" encoding="utf-8"?><testsuites name="pytest tests"><testsuite name="pytest" errors="0" failures="0" skipped="0" tests="23" time="4.288" timestamp="2026-08-15T13:06:46.170973+00:00" hostname="agent-env-ce5ed433-df1e-4951-8c29-423eb59d4b40"><testcase classname="backend.tests.backend_test.TestHealth" name="test_health" time="0.215" /><testcase classname="backend.tests.backend_test.TestAuth" name="test_seller_login_ok" time="0.337" /><testcase classname="backend.tests.backend_test.TestAuth" name="test_seller_login_bad" time="0.271" /><testcase classname="backend.tests.backend_test.TestAuth" name="test_rider_login_ok" time="0.322" /><testcase classname="backend.tests.backend_test.TestAuth" name="test_rider_login_bad" time="0.275" /><testcase classname="backend.tests.backend_test.TestAuth" name="test_customer_otp_flow" time="0.166" /><testcase classname="backend.tests.backend_test.TestAuth" name="test_customer_otp_master" time="0.095" /><testcase classname="backend.tests.backend_test.TestAuth" name="test_me_unauth" time="0.045" /><testcase classname="backend.tests.backend_test.TestMultiSeller" name="test_register_second_seller" time="0.274" /><testcase classname="backend.tests.backend_test.TestMultiSeller" name="test_register_duplicate" time="0.048" /><testcase classname="backend.tests.backend_test.TestMultiSeller" name="test_second_seller_create_product" time="0.059" /><testcase classname="backend.tests.backend_test.TestMultiSeller" name="test_products_show_both_sellers" time="0.047" /><testcase classname="backend.tests.backend_test.TestMultiSeller" name="test_products_filter_by_seller" time="0.048" /><testcase classname="backend.tests.backend_test.TestMultiSeller" name="test_sellers_list_public" time="0.049" /><testcase classname="backend.tests.backend_test.TestOrderSplit" name="test_ensure_demo_seller_has_product" time="0.100" /><testcase classname="backend.tests.backend_test.TestOrderSplit" name="test_customer_places_two_orders" time="0.236" /><testcase classname="backend.tests.backend_test.TestOrderSplit" name="test_seller_sees_only_own_orders" time="0.050" /><testcase classname="backend.tests.backend_test.TestRiderOnboarding" name="test_create_rider" time="0.275" /><testcase classname="backend.tests.backend_test.TestRiderOnboarding" name="test_list_riders" time="0.048" /><testcase classname="backend.tests.backend_test.TestRiderOnboarding" name="test_new_rider_can_login" time="0.273" /><testcase classname="backend.tests.backend_test.TestRiderOnboarding" name="test_customer_cannot_create_rider" time="0.048" /><testcase classname="backend.tests.backend_test.TestRiderOnboarding" name="test_delete_rider" time="0.106" /><testcase classname="backend.tests.backend_test.TestDeliveryLoop" name="test_full_loop" time="0.702" /></testsuite></testsuites>